# JRE version: Java(TM) SE Runtime Environment (8.0_121-b13) (build 1.8.0_121-b13)
# Java VM: Java HotSpot(TM) Client VM (25.121-b13 mixed mode windows-x86 )
Heap:
 def new generation   total 39424K, used 17637K [0x10200000, 0x12cc0000, 0x1aca0000)
  eden space 35072K,  49% used [0x10200000, 0x11301958, 0x12440000)
  from space 4352K,   5% used [0x12880000, 0x128b7dd8, 0x12cc0000)
  to   space 4352K,   0% used [0x12440000, 0x12440000, 0x12880000)
 tenured generation   total 87424K, used 63993K [0x1aca0000, 0x20200000, 0x30200000)
   the space 87424K,  73% used [0x1aca0000, 0x1eb1e678, 0x1eb1e800, 0x20200000)
 Metaspace       used 20258K, capacity 20919K, committed 21504K, reserved 21888K
GC Heap History (10 events):
Event: 11438.295 GC heap before
{Heap before GC invocations=391 (full 3):
 def new generation   total 39424K, used 35299K [0x10200000, 0x12cc0000, 0x1aca0000)
  eden space 35072K, 100% used [0x10200000, 0x12440000, 0x12440000)
  from space 4352K,   5% used [0x12440000, 0x12478d40, 0x12880000)
  to   space 4352K,   0% used [0x12880000, 0x12880000, 0x12cc0000)
 tenured generation   total 87424K, used 63993K [0x1aca0000, 0x20200000, 0x30200000)
   the space 87424K,  73% used [0x1aca0000, 0x1eb1e678, 0x1eb1e800, 0x20200000)
 Metaspace       used 20258K, capacity 20919K, committed 21504K, reserved 21888K
Event: 11438.301 GC heap after
Heap after GC invocations=392 (full 3):
 def new generation   total 39424K, used 227K [0x10200000, 0x12cc0000, 0x1aca0000)
  eden space 35072K,   0% used [0x10200000, 0x10200000, 0x12440000)
  from space 4352K,   5% used [0x12880000, 0x128b8d68, 0x12cc0000)
  to   space 4352K,   0% used [0x12440000, 0x12440000, 0x12880000)
 tenured generation   total 87424K, used 63993K [0x1aca0000, 0x20200000, 0x30200000)
   the space 87424K,  73% used [0x1aca0000, 0x1eb1e678, 0x1eb1e800, 0x20200000)
 Metaspace       used 20258K, capacity 20919K, committed 21504K, reserved 21888K
}
Event: 11464.030 GC heap before
{Heap before GC invocations=392 (full 3):
 def new generation   total 39424K, used 35299K [0x10200000, 0x12cc0000, 0x1aca0000)
  eden space 35072K, 100% used [0x10200000, 0x12440000, 0x12440000)
  from space 4352K,   5% used [0x12880000, 0x128b8d68, 0x12cc0000)
  to   space 4352K,   0% used [0x12440000, 0x12440000, 0x12880000)
 tenured generation   total 87424K, used 63993K [0x1aca0000, 0x20200000, 0x30200000)
   the space 87424K,  73% used [0x1aca0000, 0x1eb1e678, 0x1eb1e800, 0x20200000)
 Metaspace       used 20258K, capacity 20919K, committed 21504K, reserved 21888K
Event: 11464.034 GC heap after
Heap after GC invocations=393 (full 3):
 def new generation   total 39424K, used 223K [0x10200000, 0x12cc0000, 0x1aca0000)
  eden space 35072K,   0% used [0x10200000, 0x10200000, 0x12440000)
  from space 4352K,   5% used [0x12440000, 0x12477df8, 0x12880000)
  to   space 4352K,   0% used [0x12880000, 0x12880000, 0x12cc0000)
 tenured generation   total 87424K, used 63993K [0x1aca0000, 0x20200000, 0x30200000)
   the space 87424K,  73% used [0x1aca0000, 0x1eb1e678, 0x1eb1e800, 0x20200000)
 Metaspace       used 20258K, capacity 20919K, committed 21504K, reserved 21888K
}
Event: 11489.846 GC heap before
{Heap before GC invocations=393 (full 3):
 def new generation   total 39424K, used 35295K [0x10200000, 0x12cc0000, 0x1aca0000)
  eden space 35072K, 100% used [0x10200000, 0x12440000, 0x12440000)
  from space 4352K,   5% used [0x12440000, 0x12477df8, 0x12880000)
  to   space 4352K,   0% used [0x12880000, 0x12880000, 0x12cc0000)
 tenured generation   total 87424K, used 63993K [0x1aca0000, 0x20200000, 0x30200000)
   the space 87424K,  73% used [0x1aca0000, 0x1eb1e678, 0x1eb1e800, 0x20200000)
 Metaspace       used 20258K, capacity 20919K, committed 21504K, reserved 21888K
Event: 11489.850 GC heap after
Heap after GC invocations=394 (full 3):
 def new generation   total 39424K, used 223K [0x10200000, 0x12cc0000, 0x1aca0000)
  eden space 35072K,   0% used [0x10200000, 0x10200000, 0x12440000)
  from space 4352K,   5% used [0x12880000, 0x128b7ec8, 0x12cc0000)
  to   space 4352K,   0% used [0x12440000, 0x12440000, 0x12880000)
 tenured generation   total 87424K, used 63993K [0x1aca0000, 0x20200000, 0x30200000)
   the space 87424K,  73% used [0x1aca0000, 0x1eb1e678, 0x1eb1e800, 0x20200000)
 Metaspace       used 20258K, capacity 20919K, committed 21504K, reserved 21888K
}
Event: 11515.204 GC heap before
{Heap before GC invocations=394 (full 3):
 def new generation   total 39424K, used 35295K [0x10200000, 0x12cc0000, 0x1aca0000)
  eden space 35072K, 100% used [0x10200000, 0x12440000, 0x12440000)
  from space 4352K,   5% used [0x12880000, 0x128b7ec8, 0x12cc0000)
  to   space 4352K,   0% used [0x12440000, 0x12440000, 0x12880000)
 tenured generation   total 87424K, used 63993K [0x1aca0000, 0x20200000, 0x30200000)
   the space 87424K,  73% used [0x1aca0000, 0x1eb1e678, 0x1eb1e800, 0x20200000)
 Metaspace       used 20258K, capacity 20919K, committed 21504K, reserved 21888K
Event: 11515.208 GC heap after
Heap after GC invocations=395 (full 3):
 def new generation   total 39424K, used 223K [0x10200000, 0x12cc0000, 0x1aca0000)
  eden space 35072K,   0% used [0x10200000, 0x10200000, 0x12440000)
  from space 4352K,   5% used [0x12440000, 0x12477f18, 0x12880000)
  to   space 4352K,   0% used [0x12880000, 0x12880000, 0x12cc0000)
 tenured generation   total 87424K, used 63993K [0x1aca0000, 0x20200000, 0x30200000)
   the space 87424K,  73% used [0x1aca0000, 0x1eb1e678, 0x1eb1e800, 0x20200000)
 Metaspace       used 20258K, capacity 20919K, committed 21504K, reserved 21888K
}
Event: 11540.739 GC heap before
{Heap before GC invocations=395 (full 3):
 def new generation   total 39424K, used 35295K [0x10200000, 0x12cc0000, 0x1aca0000)
  eden space 35072K, 100% used [0x10200000, 0x12440000, 0x12440000)
  from space 4352K,   5% used [0x12440000, 0x12477f18, 0x12880000)
  to   space 4352K,   0% used [0x12880000, 0x12880000, 0x12cc0000)
 tenured generation   total 87424K, used 63993K [0x1aca0000, 0x20200000, 0x30200000)
   the space 87424K,  73% used [0x1aca0000, 0x1eb1e678, 0x1eb1e800, 0x20200000)
 Metaspace       used 20258K, capacity 20919K, committed 21504K, reserved 21888K
Event: 11540.745 GC heap after
Heap after GC invocations=396 (full 3):
 def new generation   total 39424K, used 223K [0x10200000, 0x12cc0000, 0x1aca0000)
  eden space 35072K,   0% used [0x10200000, 0x10200000, 0x12440000)
  from space 4352K,   5% used [0x12880000, 0x128b7dd8, 0x12cc0000)
  to   space 4352K,   0% used [0x12440000, 0x12440000, 0x12880000)
 tenured generation   total 87424K, used 63993K [0x1aca0000, 0x20200000, 0x30200000)
   the space 87424K,  73% used [0x1aca0000, 0x1eb1e678, 0x1eb1e800, 0x20200000)
 Metaspace       used 20258K, capacity 20919K, committed 21504K, reserved 21888K
}

